<?xml version="1.0" encoding="UTF-8" ?>
<testsuite failures="0" time="5.392" errors="0" skipped="0" tests="1" name="de.julielab.jules.ae.opennlp.ParseAnnotatorTest">
  <properties>
    <property name="java.runtime.name" value="Java(TM) SE Runtime Environment"/>
    <property name="sun.boot.library.path" value="/usr/lib/jvm/java-6-sun-1.6.0.06/jre/lib/i386"/>
    <property name="java.vm.version" value="10.0-b22"/>
    <property name="java.vm.vendor" value="Sun Microsystems Inc."/>
    <property name="java.vendor.url" value="http://java.sun.com/"/>
    <property name="path.separator" value=":"/>
    <property name="java.vm.name" value="Java HotSpot(TM) Server VM"/>
    <property name="file.encoding.pkg" value="sun.io"/>
    <property name="user.country" value="DE"/>
    <property name="sun.java.launcher" value="SUN_STANDARD"/>
    <property name="sun.os.patch.level" value="unknown"/>
    <property name="java.vm.specification.name" value="Java Virtual Machine Specification"/>
    <property name="user.dir" value="/home/buyko/workspace/jules-opennlp-parser-ae"/>
    <property name="java.runtime.version" value="1.6.0_06-b02"/>
    <property name="java.awt.graphicsenv" value="sun.awt.X11GraphicsEnvironment"/>
    <property name="basedir" value="/home/buyko/workspace/jules-opennlp-parser-ae"/>
    <property name="java.endorsed.dirs" value="/usr/lib/jvm/java-6-sun-1.6.0.06/jre/lib/endorsed"/>
    <property name="os.arch" value="i386"/>
    <property name="java.io.tmpdir" value="/tmp"/>
    <property name="line.separator" value="
"/>
    <property name="java.vm.specification.vendor" value="Sun Microsystems Inc."/>
    <property name="os.name" value="Linux"/>
    <property name="classworlds.conf" value="/usr/lib/maven/bin/m2.conf"/>
    <property name="sun.jnu.encoding" value="UTF-8"/>
    <property name="java.library.path" value="/usr/lib/jvm/java-6-sun-1.6.0.06/jre/lib/i386/server:/usr/lib/jvm/java-6-sun-1.6.0.06/jre/lib/i386:/usr/lib/jvm/java-6-sun-1.6.0.06/jre/../lib/i386:/usr/lib/jvm/java-6-sun-1.6.0.06/jre/lib/i386/client::/usr/lib/jvm/java-6-sun-1.6.0.06/jre/lib/i386::/usr/lib/xulrunner-addons:/usr/lib/xulrunner-addons:/usr/java/packages/lib/i386:/lib:/usr/lib"/>
    <property name="surefire.test.class.path" value="/home/buyko/workspace/jules-opennlp-parser-ae/target/test-classes:/home/buyko/workspace/jules-opennlp-parser-ae/target/classes:/home/buyko/.m2/repository/log4j/log4j/1.2.14/log4j-1.2.14.jar:/home/buyko/.m2/repository/de/julielab/jules-utilities/2.1.2/jules-utilities-2.1.2.jar:/home/buyko/.m2/repository/org/apache/uima/uimaj-core/2.2.2-incubating/uimaj-core-2.2.2-incubating.jar:/home/buyko/.m2/repository/trove/trove/2.0.2/trove-2.0.2.jar:/home/buyko/.m2/repository/opennlp/opennlp-tools/1.3/opennlp-tools-1.3.jar:/home/buyko/.m2/repository/opennlp/opennlp-maxent/2.4.0/opennlp-maxent-2.4.0.jar:/home/buyko/.m2/repository/ant/ant-optional/1.5.3-1/ant-optional-1.5.3-1.jar:/home/buyko/.m2/repository/junit/junit/4.4/junit-4.4.jar:"/>
    <property name="java.specification.name" value="Java Platform API Specification"/>
    <property name="java.class.version" value="50.0"/>
    <property name="sun.management.compiler" value="HotSpot Tiered Compilers"/>
    <property name="os.version" value="2.6.24-19-generic"/>
    <property name="user.home" value="/home/buyko"/>
    <property name="user.timezone" value="GMT"/>
    <property name="java.awt.printerjob" value="sun.print.PSPrinterJob"/>
    <property name="file.encoding" value="UTF-8"/>
    <property name="java.specification.version" value="1.6"/>
    <property name="user.name" value="buyko"/>
    <property name="java.class.path" value="/usr/lib/maven/boot/classworlds-1.1.jar"/>
    <property name="java.vm.specification.version" value="1.0"/>
    <property name="sun.arch.data.model" value="32"/>
    <property name="java.home" value="/usr/lib/jvm/java-6-sun-1.6.0.06/jre"/>
    <property name="java.specification.vendor" value="Sun Microsystems Inc."/>
    <property name="user.language" value="de"/>
    <property name="java.vm.info" value="mixed mode"/>
    <property name="java.version" value="1.6.0_06"/>
    <property name="java.ext.dirs" value="/usr/lib/jvm/java-6-sun-1.6.0.06/jre/lib/ext:/usr/java/packages/lib/ext"/>
    <property name="sun.boot.class.path" value="/usr/lib/jvm/java-6-sun-1.6.0.06/jre/lib/resources.jar:/usr/lib/jvm/java-6-sun-1.6.0.06/jre/lib/rt.jar:/usr/lib/jvm/java-6-sun-1.6.0.06/jre/lib/sunrsasign.jar:/usr/lib/jvm/java-6-sun-1.6.0.06/jre/lib/jsse.jar:/usr/lib/jvm/java-6-sun-1.6.0.06/jre/lib/jce.jar:/usr/lib/jvm/java-6-sun-1.6.0.06/jre/lib/charsets.jar:/usr/lib/jvm/java-6-sun-1.6.0.06/jre/classes"/>
    <property name="java.vendor" value="Sun Microsystems Inc."/>
    <property name="maven.home" value="/usr/lib/maven"/>
    <property name="localRepository" value="/home/buyko/.m2/repository"/>
    <property name="file.separator" value="/"/>
    <property name="java.vendor.url.bug" value="http://java.sun.com/cgi-bin/bugreport.cgi"/>
    <property name="sun.cpu.endian" value="little"/>
    <property name="sun.io.unicode.encoding" value="UnicodeLittle"/>
    <property name="sun.desktop" value="gnome"/>
    <property name="sun.cpu.isalist" value=""/>
  </properties>
  <testcase time="5.371" name="testProcess"/>
</testsuite>